2011-02-23 00:02:52,241 DEBUG [SpringJUnit4ClassRunner] SpringJUnit4ClassRunner constructor called with [class com.taobao.test.osgi.TestOsgiServiceManager].
2011-02-23 00:02:52,301 INFO  [TestContextManager] @TestExecutionListeners is not present for class [class com.taobao.test.osgi.TestOsgiServiceManager]: using defaults.
2011-02-23 00:02:52,382 DEBUG [SpringJUnit4ClassRunner] Invoking test method [public void com.taobao.test.osgi.TestOsgiServiceManager.testGet()]
2011-02-23 00:02:52,396 DEBUG [DependencyInjectionTestExecutionListener] Performing dependency injection for test context [[TestContext@f8395f testClass = TestOsgiServiceManager, locations = array<String>['classpath:WEB-INF/spring-dao.xml', 'classpath:WEB-INF/spring-service.xml', 'classpath:WEB-INF/spring-ibatis.xml', 'classpath:WEB-INF/spring-conf.xml'], testInstance = com.taobao.test.osgi.TestOsgiServiceManager@7e9ce2, testMethod = [null], testException = [null]]].
2011-02-23 00:02:52,397 DEBUG [AbstractGenericContextLoader] Loading ApplicationContext for locations [classpath:WEB-INF/spring-dao.xml,classpath:WEB-INF/spring-service.xml,classpath:WEB-INF/spring-ibatis.xml,classpath:WEB-INF/spring-conf.xml].
2011-02-23 00:02:52,570 INFO  [XmlBeanDefinitionReader] Loading XML bean definitions from class path resource [WEB-INF/spring-dao.xml]
2011-02-23 00:02:52,573 DEBUG [DefaultDocumentLoader] Using JAXP provider [com.sun.org.apache.xerces.internal.jaxp.DocumentBuilderFactoryImpl]
2011-02-23 00:02:52,574 DEBUG [BeansDtdResolver] Found beans DTD [http://www.springframework.org/dtd/spring-beans.dtd] in classpath: spring-beans.dtd
2011-02-23 00:02:52,584 DEBUG [DefaultBeanDefinitionDocumentReader] Loading bean definitions
2011-02-23 00:02:52,602 DEBUG [XmlBeanDefinitionReader] Loaded 1 bean definitions from location pattern [classpath:WEB-INF/spring-dao.xml]
2011-02-23 00:02:52,602 INFO  [XmlBeanDefinitionReader] Loading XML bean definitions from class path resource [WEB-INF/spring-service.xml]
2011-02-23 00:02:52,602 DEBUG [DefaultDocumentLoader] Using JAXP provider [com.sun.org.apache.xerces.internal.jaxp.DocumentBuilderFactoryImpl]
2011-02-23 00:02:52,603 DEBUG [BeansDtdResolver] Found beans DTD [http://www.springframework.org/dtd/spring-beans.dtd] in classpath: spring-beans.dtd
2011-02-23 00:02:52,607 DEBUG [DefaultBeanDefinitionDocumentReader] Loading bean definitions
2011-02-23 00:02:52,608 DEBUG [XmlBeanDefinitionReader] Loaded 2 bean definitions from location pattern [classpath:WEB-INF/spring-service.xml]
2011-02-23 00:02:52,608 INFO  [XmlBeanDefinitionReader] Loading XML bean definitions from class path resource [WEB-INF/spring-ibatis.xml]
2011-02-23 00:02:52,609 DEBUG [DefaultDocumentLoader] Using JAXP provider [com.sun.org.apache.xerces.internal.jaxp.DocumentBuilderFactoryImpl]
2011-02-23 00:02:52,610 DEBUG [BeansDtdResolver] Found beans DTD [http://www.springframework.org/dtd/spring-beans.dtd] in classpath: spring-beans.dtd
2011-02-23 00:02:52,615 DEBUG [DefaultBeanDefinitionDocumentReader] Loading bean definitions
2011-02-23 00:02:52,619 DEBUG [XmlBeanDefinitionReader] Loaded 4 bean definitions from location pattern [classpath:WEB-INF/spring-ibatis.xml]
2011-02-23 00:02:52,619 INFO  [XmlBeanDefinitionReader] Loading XML bean definitions from class path resource [WEB-INF/spring-conf.xml]
2011-02-23 00:02:52,619 DEBUG [DefaultDocumentLoader] Using JAXP provider [com.sun.org.apache.xerces.internal.jaxp.DocumentBuilderFactoryImpl]
2011-02-23 00:02:52,620 DEBUG [BeansDtdResolver] Found beans DTD [http://www.springframework.org/dtd/spring-beans.dtd] in classpath: spring-beans.dtd
2011-02-23 00:02:52,628 DEBUG [DefaultBeanDefinitionDocumentReader] Loading bean definitions
2011-02-23 00:02:52,628 DEBUG [XmlBeanDefinitionReader] Loaded 1 bean definitions from location pattern [classpath:WEB-INF/spring-conf.xml]
2011-02-23 00:02:52,637 INFO  [GenericApplicationContext] Refreshing org.springframework.context.support.GenericApplicationContext@4bfe6b: display name [org.springframework.context.support.GenericApplicationContext@4bfe6b]; startup date [Wed Feb 23 00:02:52 PST 2011]; root of context hierarchy
2011-02-23 00:02:52,637 INFO  [GenericApplicationContext] Bean factory for application context [org.springframework.context.support.GenericApplicationContext@4bfe6b]: org.springframework.beans.factory.support.DefaultListableBeanFactory@18f6559
2011-02-23 00:02:52,637 DEBUG [GenericApplicationContext] 11 beans defined in org.springframework.context.support.GenericApplicationContext@4bfe6b: display name [org.springframework.context.support.GenericApplicationContext@4bfe6b]; startup date [Wed Feb 23 00:02:52 PST 2011]; root of context hierarchy
2011-02-23 00:02:52,662 DEBUG [DefaultListableBeanFactory] Creating shared instance of singleton bean 'propertyConfigurer'
2011-02-23 00:02:52,664 DEBUG [DefaultListableBeanFactory] Creating instance of bean 'propertyConfigurer'
2011-02-23 00:02:52,684 DEBUG [DefaultListableBeanFactory] Eagerly caching bean 'propertyConfigurer' to allow for resolving potential circular references
2011-02-23 00:02:52,699 DEBUG [DefaultListableBeanFactory] Finished creating instance of bean 'propertyConfigurer'
2011-02-23 00:02:52,700 INFO  [PropertyPlaceholderConfigurer] Loading properties file from class path resource [WEB-INF/conf/baoxian_dev.properties]
2011-02-23 00:02:52,704 DEBUG [DefaultListableBeanFactory] Creating shared instance of singleton bean 'org.springframework.context.annotation.internalCommonAnnotationProcessor'
2011-02-23 00:02:52,704 DEBUG [DefaultListableBeanFactory] Creating instance of bean 'org.springframework.context.annotation.internalCommonAnnotationProcessor'
2011-02-23 00:02:52,711 DEBUG [DefaultListableBeanFactory] Eagerly caching bean 'org.springframework.context.annotation.internalCommonAnnotationProcessor' to allow for resolving potential circular references
2011-02-23 00:02:52,715 DEBUG [DefaultListableBeanFactory] Finished creating instance of bean 'org.springframework.context.annotation.internalCommonAnnotationProcessor'
2011-02-23 00:02:52,715 DEBUG [DefaultListableBeanFactory] Creating shared instance of singleton bean 'org.springframework.context.annotation.internalAutowiredAnnotationProcessor'
2011-02-23 00:02:52,715 DEBUG [DefaultListableBeanFactory] Creating instance of bean 'org.springframework.context.annotation.internalAutowiredAnnotationProcessor'
2011-02-23 00:02:52,716 DEBUG [DefaultListableBeanFactory] Eagerly caching bean 'org.springframework.context.annotation.internalAutowiredAnnotationProcessor' to allow for resolving potential circular references
2011-02-23 00:02:52,719 DEBUG [DefaultListableBeanFactory] Finished creating instance of bean 'org.springframework.context.annotation.internalAutowiredAnnotationProcessor'
2011-02-23 00:02:52,719 DEBUG [DefaultListableBeanFactory] Creating shared instance of singleton bean 'org.springframework.context.annotation.internalRequiredAnnotationProcessor'
2011-02-23 00:02:52,719 DEBUG [DefaultListableBeanFactory] Creating instance of bean 'org.springframework.context.annotation.internalRequiredAnnotationProcessor'
2011-02-23 00:02:52,720 DEBUG [DefaultListableBeanFactory] Eagerly caching bean 'org.springframework.context.annotation.internalRequiredAnnotationProcessor' to allow for resolving potential circular references
2011-02-23 00:02:52,723 DEBUG [DefaultListableBeanFactory] Finished creating instance of bean 'org.springframework.context.annotation.internalRequiredAnnotationProcessor'
2011-02-23 00:02:52,725 DEBUG [GenericApplicationContext] Unable to locate MessageSource with name 'messageSource': using default [org.springframework.context.support.DelegatingMessageSource@523df]
2011-02-23 00:02:52,726 DEBUG [GenericApplicationContext] Unable to locate ApplicationEventMulticaster with name 'applicationEventMulticaster': using default [org.springframework.context.event.SimpleApplicationEventMulticaster@f19d6e]
2011-02-23 00:02:52,727 INFO  [DefaultListableBeanFactory] Pre-instantiating singletons in org.springframework.beans.factory.support.DefaultListableBeanFactory@18f6559: defining beans [tfsDao,tfsManager,osgiServiceManager,mysqlDataSource,transactionManager,transactionTemplate,mysqlClient,propertyConfigurer,org.springframework.context.annotation.internalCommonAnnotationProcessor,org.springframework.context.annotation.internalAutowiredAnnotationProcessor,org.springframework.context.annotation.internalRequiredAnnotationProcessor]; root of factory hierarchy
2011-02-23 00:02:52,727 DEBUG [DefaultListableBeanFactory] Creating shared instance of singleton bean 'tfsDao'
2011-02-23 00:02:52,727 DEBUG [DefaultListableBeanFactory] Creating instance of bean 'tfsDao'
2011-02-23 00:02:52,735 DEBUG [DefaultListableBeanFactory] Eagerly caching bean 'tfsDao' to allow for resolving potential circular references
2011-02-23 00:02:52,742 DEBUG [DefaultListableBeanFactory] Creating shared instance of singleton bean 'mysqlClient'
2011-02-23 00:02:52,742 DEBUG [DefaultListableBeanFactory] Creating instance of bean 'mysqlClient'
2011-02-23 00:02:52,746 DEBUG [DefaultListableBeanFactory] Eagerly caching bean 'mysqlClient' to allow for resolving potential circular references
2011-02-23 00:02:52,749 DEBUG [DefaultListableBeanFactory] Creating shared instance of singleton bean 'mysqlDataSource'
2011-02-23 00:02:52,749 DEBUG [DefaultListableBeanFactory] Creating instance of bean 'mysqlDataSource'
2011-02-23 00:02:52,760 DEBUG [DefaultListableBeanFactory] Eagerly caching bean 'mysqlDataSource' to allow for resolving potential circular references
2011-02-23 00:02:52,773 DEBUG [DefaultListableBeanFactory] Finished creating instance of bean 'mysqlDataSource'
2011-02-23 00:02:52,773 DEBUG [DefaultListableBeanFactory] Invoking afterPropertiesSet() on bean with name 'mysqlClient'
2011-02-23 00:02:52,912 DEBUG [DefaultListableBeanFactory] Finished creating instance of bean 'mysqlClient'
2011-02-23 00:02:52,914 DEBUG [DefaultListableBeanFactory] Added autowiring by name from bean name 'tfsDao' via property 'mysqlClient' to bean named 'mysqlClient'
2011-02-23 00:02:52,914 DEBUG [DefaultListableBeanFactory] Finished creating instance of bean 'tfsDao'
2011-02-23 00:02:52,914 DEBUG [DefaultListableBeanFactory] Creating shared instance of singleton bean 'tfsManager'
2011-02-23 00:02:52,914 DEBUG [DefaultListableBeanFactory] Creating instance of bean 'tfsManager'
2011-02-23 00:02:52,914 DEBUG [DefaultListableBeanFactory] Eagerly caching bean 'tfsManager' to allow for resolving potential circular references
2011-02-23 00:02:52,916 DEBUG [DefaultListableBeanFactory] Returning cached instance of singleton bean 'tfsDao'
2011-02-23 00:02:52,916 DEBUG [DefaultListableBeanFactory] Added autowiring by name from bean name 'tfsManager' via property 'tfsDao' to bean named 'tfsDao'
2011-02-23 00:02:52,916 DEBUG [DefaultListableBeanFactory] Finished creating instance of bean 'tfsManager'
2011-02-23 00:02:52,916 DEBUG [DefaultListableBeanFactory] Creating shared instance of singleton bean 'osgiServiceManager'
2011-02-23 00:02:52,916 DEBUG [DefaultListableBeanFactory] Creating instance of bean 'osgiServiceManager'
2011-02-23 00:02:52,917 DEBUG [DefaultListableBeanFactory] Eagerly caching bean 'osgiServiceManager' to allow for resolving potential circular references
2011-02-23 00:02:52,919 DEBUG [DefaultListableBeanFactory] Finished creating instance of bean 'osgiServiceManager'
2011-02-23 00:02:52,919 DEBUG [DefaultListableBeanFactory] Returning cached instance of singleton bean 'mysqlDataSource'
2011-02-23 00:02:52,920 DEBUG [DefaultListableBeanFactory] Creating shared instance of singleton bean 'transactionManager'
2011-02-23 00:02:52,920 DEBUG [DefaultListableBeanFactory] Creating instance of bean 'transactionManager'
2011-02-23 00:02:52,930 DEBUG [DefaultListableBeanFactory] Eagerly caching bean 'transactionManager' to allow for resolving potential circular references
2011-02-23 00:02:52,936 DEBUG [DefaultListableBeanFactory] Returning cached instance of singleton bean 'mysqlDataSource'
2011-02-23 00:02:52,936 DEBUG [DefaultListableBeanFactory] Invoking afterPropertiesSet() on bean with name 'transactionManager'
2011-02-23 00:02:52,936 DEBUG [DefaultListableBeanFactory] Finished creating instance of bean 'transactionManager'
2011-02-23 00:02:52,936 DEBUG [DefaultListableBeanFactory] Creating shared instance of singleton bean 'transactionTemplate'
2011-02-23 00:02:52,937 DEBUG [DefaultListableBeanFactory] Creating instance of bean 'transactionTemplate'
2011-02-23 00:02:52,939 DEBUG [DefaultListableBeanFactory] Eagerly caching bean 'transactionTemplate' to allow for resolving potential circular references
2011-02-23 00:02:52,944 DEBUG [DefaultListableBeanFactory] Returning cached instance of singleton bean 'transactionManager'
2011-02-23 00:02:52,945 DEBUG [DefaultListableBeanFactory] Invoking afterPropertiesSet() on bean with name 'transactionTemplate'
2011-02-23 00:02:52,945 DEBUG [DefaultListableBeanFactory] Finished creating instance of bean 'transactionTemplate'
2011-02-23 00:02:52,945 DEBUG [DefaultListableBeanFactory] Returning cached instance of singleton bean 'mysqlClient'
2011-02-23 00:02:52,945 DEBUG [DefaultListableBeanFactory] Returning cached instance of singleton bean 'propertyConfigurer'
2011-02-23 00:02:52,945 DEBUG [DefaultListableBeanFactory] Returning cached instance of singleton bean 'org.springframework.context.annotation.internalCommonAnnotationProcessor'
2011-02-23 00:02:52,945 DEBUG [DefaultListableBeanFactory] Returning cached instance of singleton bean 'org.springframework.context.annotation.internalAutowiredAnnotationProcessor'
2011-02-23 00:02:52,945 DEBUG [DefaultListableBeanFactory] Returning cached instance of singleton bean 'org.springframework.context.annotation.internalRequiredAnnotationProcessor'
2011-02-23 00:02:52,950 DEBUG [InjectionMetadata] Found injected field on class [com.taobao.test.osgi.TestOsgiServiceManager]: ResourceElement for private com.taobao.baoxian.osgi.OsgiServiceManager com.taobao.test.osgi.TestOsgiServiceManager.osgiServiceManager
2011-02-23 00:02:52,951 DEBUG [InjectionMetadata] Found injected field on class [com.taobao.test.osgi.TestOsgiServiceManager]: ResourceElement for private com.taobao.baoxian.tfs.TfsManager com.taobao.test.osgi.TestOsgiServiceManager.tfsManager
2011-02-23 00:02:52,951 DEBUG [InjectionMetadata] Processing injected field of bean 'com.taobao.test.osgi.TestOsgiServiceManager': ResourceElement for private com.taobao.baoxian.osgi.OsgiServiceManager com.taobao.test.osgi.TestOsgiServiceManager.osgiServiceManager
2011-02-23 00:02:52,951 DEBUG [DefaultListableBeanFactory] Returning cached instance of singleton bean 'osgiServiceManager'
2011-02-23 00:02:52,951 DEBUG [InjectionMetadata] Processing injected field of bean 'com.taobao.test.osgi.TestOsgiServiceManager': ResourceElement for private com.taobao.baoxian.tfs.TfsManager com.taobao.test.osgi.TestOsgiServiceManager.tfsManager
2011-02-23 00:02:52,951 DEBUG [DefaultListableBeanFactory] Returning cached instance of singleton bean 'tfsManager'
2011-02-23 00:02:53,014 DEBUG [Connection] {conn-100000} Connection
2011-02-23 00:02:53,030 DEBUG [Connection] {conn-100000} Preparing Statement:       select id,itemid,jarpath from item where itemid=?     
2011-02-23 00:02:53,053 DEBUG [DataSourceUtils] Fetching JDBC Connection from DataSource
2011-02-23 00:02:53,359 DEBUG [PreparedStatement] {pstm-100001} Executing Statement:       select id,itemid,jarpath from item where itemid=?     
2011-02-23 00:02:53,359 DEBUG [PreparedStatement] {pstm-100001} Parameters: [100]
2011-02-23 00:02:53,359 DEBUG [PreparedStatement] {pstm-100001} Types: [java.lang.Integer]
2011-02-23 00:02:53,364 DEBUG [ResultSet] {rset-100002} ResultSet
2011-02-23 00:02:53,387 DEBUG [ResultSet] {rset-100002} Header: [id, itemid, jarpath]
2011-02-23 00:02:53,387 DEBUG [ResultSet] {rset-100002} Result: [1, 100, /home/villasy/resources/laoyizhuang.jar]
2011-02-23 00:02:53,391 DEBUG [DataSourceUtils] Returning JDBC Connection to DataSource
2011-02-23 00:02:53,414 DEBUG [SpringMethodRoadie] Test method [public void com.taobao.test.osgi.TestOsgiServiceManager.testGet()] threw exception: null
2011-02-23 00:02:53,415 DEBUG [DirtiesContextTestExecutionListener] After test method: context [[TestContext@f8395f testClass = TestOsgiServiceManager, locations = array<String>['classpath:WEB-INF/spring-dao.xml', 'classpath:WEB-INF/spring-service.xml', 'classpath:WEB-INF/spring-ibatis.xml', 'classpath:WEB-INF/spring-conf.xml'], testInstance = com.taobao.test.osgi.TestOsgiServiceManager@7e9ce2, testMethod = testGet@TestOsgiServiceManager, testException = [null]]], dirtiesContext [false].
2011-02-23 00:02:53,430 INFO  [GenericApplicationContext] Closing org.springframework.context.support.GenericApplicationContext@4bfe6b: display name [org.springframework.context.support.GenericApplicationContext@4bfe6b]; startup date [Wed Feb 23 00:02:52 PST 2011]; root of context hierarchy
2011-02-23 00:02:53,430 INFO  [DefaultListableBeanFactory] Destroying singletons in org.springframework.beans.factory.support.DefaultListableBeanFactory@18f6559: defining beans [tfsDao,tfsManager,osgiServiceManager,mysqlDataSource,transactionManager,transactionTemplate,mysqlClient,propertyConfigurer,org.springframework.context.annotation.internalCommonAnnotationProcessor,org.springframework.context.annotation.internalAutowiredAnnotationProcessor,org.springframework.context.annotation.internalRequiredAnnotationProcessor]; root of factory hierarchy
2011-02-23 00:02:53,430 DEBUG [DefaultListableBeanFactory] Retrieved dependent beans for bean 'osgiServiceManager': [com.taobao.test.osgi.TestOsgiServiceManager]
2011-02-23 00:02:53,431 DEBUG [DisposableBeanAdapter] Invoking destroy method 'close' on bean with name 'mysqlDataSource'
