2011-02-14 06:17:16,079 - Log4JLogChute initialized using file 'velocity.log'
2011-02-14 06:17:16,080 - Starting Apache Velocity v1.6.3 (compiled: 2009-12-07 15:40:14)
2011-02-14 06:17:16,081 - Default Properties File: org/apache/velocity/runtime/defaults/velocity.properties
2011-02-14 06:17:16,081 - Trying to use logger class org.apache.velocity.runtime.log.AvalonLogChute
2011-02-14 06:17:16,081 - Target log system for org.apache.velocity.runtime.log.AvalonLogChute is not available (java.lang.NoClassDefFoundError: org/apache/log/format/Formatter).  Falling back to next log system...
2011-02-14 06:17:16,081 - Trying to use logger class org.apache.velocity.runtime.log.Log4JLogChute
2011-02-14 06:17:16,081 - Using logger class org.apache.velocity.runtime.log.Log4JLogChute
2011-02-14 06:17:16,138 - ResourceLoader instantiated: org.apache.velocity.runtime.resource.loader.FileResourceLoader
2011-02-14 06:17:16,142 - Do unicode file recognition:  false
2011-02-14 06:17:16,143 - FileResourceLoader : adding path '/home/villasy/resources'
2011-02-14 06:17:16,265 - ResourceCache: initialized (class org.apache.velocity.runtime.resource.ResourceCacheImpl) with class java.util.Collections$SynchronizedMap cache map.
2011-02-14 06:17:16,286 - Loaded System Directive: org.apache.velocity.runtime.directive.Define
2011-02-14 06:17:16,289 - Loaded System Directive: org.apache.velocity.runtime.directive.Break
2011-02-14 06:17:16,295 - Loaded System Directive: org.apache.velocity.runtime.directive.Evaluate
2011-02-14 06:17:16,299 - Loaded System Directive: org.apache.velocity.runtime.directive.Literal
2011-02-14 06:17:16,306 - Loaded System Directive: org.apache.velocity.runtime.directive.Macro
2011-02-14 06:17:16,318 - Loaded System Directive: org.apache.velocity.runtime.directive.Parse
2011-02-14 06:17:16,330 - Loaded System Directive: org.apache.velocity.runtime.directive.Include
2011-02-14 06:17:16,335 - Loaded System Directive: org.apache.velocity.runtime.directive.Foreach
2011-02-14 06:17:16,510 - Created '20' parsers.
2011-02-14 06:17:16,560 - Velocimacro : "velocimacro.library" is not set.  Trying default library: VM_global_library.vm
2011-02-14 06:17:16,562 - Velocimacro : Default library not found.
2011-02-14 06:17:16,562 - Velocimacro : allowInline = true : VMs can be defined inline in templates
2011-02-14 06:17:16,562 - Velocimacro : allowInlineToOverride = false : VMs defined inline may NOT replace previous VM definitions
2011-02-14 06:17:16,562 - Velocimacro : allowInlineLocal = false : VMs defined inline will be global in scope if allowed.
2011-02-14 06:17:16,564 - Velocimacro : autoload off : VM system will not automatically reload global library macros
2011-02-14 06:18:05,597 - Log4JLogChute initialized using file 'velocity.log'
2011-02-14 06:18:05,615 - Starting Apache Velocity v1.6.3 (compiled: 2009-12-07 15:40:14)
2011-02-14 06:18:05,615 - Default Properties File: org/apache/velocity/runtime/defaults/velocity.properties
2011-02-14 06:18:05,615 - Trying to use logger class org.apache.velocity.runtime.log.AvalonLogChute
2011-02-14 06:18:05,615 - Target log system for org.apache.velocity.runtime.log.AvalonLogChute is not available (java.lang.NoClassDefFoundError: org/apache/log/format/Formatter).  Falling back to next log system...
2011-02-14 06:18:05,615 - Trying to use logger class org.apache.velocity.runtime.log.Log4JLogChute
2011-02-14 06:18:05,615 - Using logger class org.apache.velocity.runtime.log.Log4JLogChute
2011-02-14 06:18:05,632 - ResourceLoader instantiated: org.apache.velocity.runtime.resource.loader.FileResourceLoader
2011-02-14 06:18:05,637 - Do unicode file recognition:  false
2011-02-14 06:18:05,638 - FileResourceLoader : adding path '/home/villasy/resources'
2011-02-14 06:18:06,158 - ResourceCache: initialized (class org.apache.velocity.runtime.resource.ResourceCacheImpl) with class java.util.Collections$SynchronizedMap cache map.
2011-02-14 06:18:06,178 - Loaded System Directive: org.apache.velocity.runtime.directive.Define
2011-02-14 06:18:06,241 - Loaded System Directive: org.apache.velocity.runtime.directive.Break
2011-02-14 06:18:06,242 - Loaded System Directive: org.apache.velocity.runtime.directive.Evaluate
2011-02-14 06:18:06,247 - Loaded System Directive: org.apache.velocity.runtime.directive.Literal
2011-02-14 06:18:06,271 - Loaded System Directive: org.apache.velocity.runtime.directive.Macro
2011-02-14 06:18:06,275 - Loaded System Directive: org.apache.velocity.runtime.directive.Parse
2011-02-14 06:18:06,281 - Loaded System Directive: org.apache.velocity.runtime.directive.Include
2011-02-14 06:18:06,284 - Loaded System Directive: org.apache.velocity.runtime.directive.Foreach
2011-02-14 06:18:06,656 - Created '20' parsers.
2011-02-14 06:18:06,682 - Velocimacro : "velocimacro.library" is not set.  Trying default library: VM_global_library.vm
2011-02-14 06:18:06,683 - Velocimacro : Default library not found.
2011-02-14 06:18:06,683 - Velocimacro : allowInline = true : VMs can be defined inline in templates
2011-02-14 06:18:06,684 - Velocimacro : allowInlineToOverride = false : VMs defined inline may NOT replace previous VM definitions
2011-02-14 06:18:06,684 - Velocimacro : allowInlineLocal = false : VMs defined inline will be global in scope if allowed.
2011-02-14 06:18:06,684 - Velocimacro : autoload off : VM system will not automatically reload global library macros
2011-02-14 06:19:54,401 - Log4JLogChute initialized using file 'velocity.log'
2011-02-14 06:19:54,408 - Starting Apache Velocity v1.6.3 (compiled: 2009-12-07 15:40:14)
2011-02-14 06:19:54,408 - Default Properties File: org/apache/velocity/runtime/defaults/velocity.properties
2011-02-14 06:19:54,408 - Trying to use logger class org.apache.velocity.runtime.log.AvalonLogChute
2011-02-14 06:19:54,409 - Target log system for org.apache.velocity.runtime.log.AvalonLogChute is not available (java.lang.NoClassDefFoundError: org/apache/log/format/Formatter).  Falling back to next log system...
2011-02-14 06:19:54,409 - Trying to use logger class org.apache.velocity.runtime.log.Log4JLogChute
2011-02-14 06:19:54,409 - Using logger class org.apache.velocity.runtime.log.Log4JLogChute
2011-02-14 06:19:54,480 - ResourceLoader instantiated: org.apache.velocity.runtime.resource.loader.FileResourceLoader
2011-02-14 06:19:54,493 - Do unicode file recognition:  false
2011-02-14 06:19:54,505 - FileResourceLoader : adding path '/home/villasy/resources'
2011-02-14 06:19:54,668 - ResourceCache: initialized (class org.apache.velocity.runtime.resource.ResourceCacheImpl) with class java.util.Collections$SynchronizedMap cache map.
2011-02-14 06:19:54,679 - Loaded System Directive: org.apache.velocity.runtime.directive.Define
2011-02-14 06:19:54,697 - Loaded System Directive: org.apache.velocity.runtime.directive.Break
2011-02-14 06:19:54,701 - Loaded System Directive: org.apache.velocity.runtime.directive.Evaluate
2011-02-14 06:19:54,705 - Loaded System Directive: org.apache.velocity.runtime.directive.Literal
2011-02-14 06:19:54,717 - Loaded System Directive: org.apache.velocity.runtime.directive.Macro
2011-02-14 06:19:54,727 - Loaded System Directive: org.apache.velocity.runtime.directive.Parse
2011-02-14 06:19:54,745 - Loaded System Directive: org.apache.velocity.runtime.directive.Include
2011-02-14 06:19:54,756 - Loaded System Directive: org.apache.velocity.runtime.directive.Foreach
2011-02-14 06:19:54,996 - Created '20' parsers.
2011-02-14 06:19:55,039 - Velocimacro : "velocimacro.library" is not set.  Trying default library: VM_global_library.vm
2011-02-14 06:19:55,039 - Velocimacro : Default library not found.
2011-02-14 06:19:55,040 - Velocimacro : allowInline = true : VMs can be defined inline in templates
2011-02-14 06:19:55,040 - Velocimacro : allowInlineToOverride = false : VMs defined inline may NOT replace previous VM definitions
2011-02-14 06:19:55,040 - Velocimacro : allowInlineLocal = false : VMs defined inline will be global in scope if allowed.
2011-02-14 06:19:55,041 - Velocimacro : autoload off : VM system will not automatically reload global library macros
2011-02-14 06:21:37,084 - Log4JLogChute initialized using file 'velocity.log'
2011-02-14 06:21:37,086 - Starting Apache Velocity v1.6.3 (compiled: 2009-12-07 15:40:14)
2011-02-14 06:21:37,086 - Default Properties File: org/apache/velocity/runtime/defaults/velocity.properties
2011-02-14 06:21:37,087 - Trying to use logger class org.apache.velocity.runtime.log.AvalonLogChute
2011-02-14 06:21:37,087 - Target log system for org.apache.velocity.runtime.log.AvalonLogChute is not available (java.lang.NoClassDefFoundError: org/apache/log/format/Formatter).  Falling back to next log system...
2011-02-14 06:21:37,087 - Trying to use logger class org.apache.velocity.runtime.log.Log4JLogChute
2011-02-14 06:21:37,087 - Using logger class org.apache.velocity.runtime.log.Log4JLogChute
2011-02-14 06:21:37,104 - ResourceLoader instantiated: org.apache.velocity.runtime.resource.loader.FileResourceLoader
2011-02-14 06:21:37,107 - Do unicode file recognition:  false
2011-02-14 06:21:37,107 - FileResourceLoader : adding path '/home/villasy/resources'
2011-02-14 06:21:37,160 - ResourceCache: initialized (class org.apache.velocity.runtime.resource.ResourceCacheImpl) with class java.util.Collections$SynchronizedMap cache map.
2011-02-14 06:21:37,164 - Loaded System Directive: org.apache.velocity.runtime.directive.Define
2011-02-14 06:21:37,166 - Loaded System Directive: org.apache.velocity.runtime.directive.Break
2011-02-14 06:21:37,169 - Loaded System Directive: org.apache.velocity.runtime.directive.Evaluate
2011-02-14 06:21:37,170 - Loaded System Directive: org.apache.velocity.runtime.directive.Literal
2011-02-14 06:21:37,173 - Loaded System Directive: org.apache.velocity.runtime.directive.Macro
2011-02-14 06:21:37,177 - Loaded System Directive: org.apache.velocity.runtime.directive.Parse
2011-02-14 06:21:37,180 - Loaded System Directive: org.apache.velocity.runtime.directive.Include
2011-02-14 06:21:37,183 - Loaded System Directive: org.apache.velocity.runtime.directive.Foreach
2011-02-14 06:21:37,245 - Created '20' parsers.
2011-02-14 06:21:37,263 - Velocimacro : "velocimacro.library" is not set.  Trying default library: VM_global_library.vm
2011-02-14 06:21:37,263 - Velocimacro : Default library not found.
2011-02-14 06:21:37,263 - Velocimacro : allowInline = true : VMs can be defined inline in templates
2011-02-14 06:21:37,264 - Velocimacro : allowInlineToOverride = false : VMs defined inline may NOT replace previous VM definitions
2011-02-14 06:21:37,264 - Velocimacro : allowInlineLocal = false : VMs defined inline will be global in scope if allowed.
2011-02-14 06:21:37,264 - Velocimacro : autoload off : VM system will not automatically reload global library macros
2011-02-25 03:09:25,933 - Log4JLogChute initialized using file 'velocity.log'
2011-02-25 03:09:25,933 - Starting Apache Velocity v1.6.3 (compiled: 2009-12-07 15:40:14)
2011-02-25 03:09:25,933 - Default Properties File: org/apache/velocity/runtime/defaults/velocity.properties
2011-02-25 03:09:25,933 - Trying to use logger class org.apache.velocity.runtime.log.AvalonLogChute
2011-02-25 03:09:25,933 - Target log system for org.apache.velocity.runtime.log.AvalonLogChute is not available (java.lang.NoClassDefFoundError: org/apache/log/format/Formatter).  Falling back to next log system...
2011-02-25 03:09:25,933 - Trying to use logger class org.apache.velocity.runtime.log.Log4JLogChute
2011-02-25 03:09:25,933 - Using logger class org.apache.velocity.runtime.log.Log4JLogChute
2011-02-25 03:09:25,938 - ResourceLoader instantiated: org.apache.velocity.runtime.resource.loader.FileResourceLoader
2011-02-25 03:09:25,938 - Do unicode file recognition:  false
2011-02-25 03:09:25,938 - FileResourceLoader : adding path '/home/villasy/resources'
2011-02-25 03:09:25,957 - ResourceCache: initialized (class org.apache.velocity.runtime.resource.ResourceCacheImpl) with class java.util.Collections$SynchronizedMap cache map.
2011-02-25 03:09:25,958 - Loaded System Directive: org.apache.velocity.runtime.directive.Define
2011-02-25 03:09:25,959 - Loaded System Directive: org.apache.velocity.runtime.directive.Break
2011-02-25 03:09:25,960 - Loaded System Directive: org.apache.velocity.runtime.directive.Evaluate
2011-02-25 03:09:25,960 - Loaded System Directive: org.apache.velocity.runtime.directive.Literal
2011-02-25 03:09:25,961 - Loaded System Directive: org.apache.velocity.runtime.directive.Macro
2011-02-25 03:09:25,962 - Loaded System Directive: org.apache.velocity.runtime.directive.Parse
2011-02-25 03:09:25,963 - Loaded System Directive: org.apache.velocity.runtime.directive.Include
2011-02-25 03:09:25,964 - Loaded System Directive: org.apache.velocity.runtime.directive.Foreach
2011-02-25 03:09:25,988 - Created '20' parsers.
2011-02-25 03:09:26,000 - Velocimacro : "velocimacro.library" is not set.  Trying default library: VM_global_library.vm
2011-02-25 03:09:26,000 - Velocimacro : Default library not found.
2011-02-25 03:09:26,000 - Velocimacro : allowInline = true : VMs can be defined inline in templates
2011-02-25 03:09:26,000 - Velocimacro : allowInlineToOverride = false : VMs defined inline may NOT replace previous VM definitions
2011-02-25 03:09:26,000 - Velocimacro : allowInlineLocal = false : VMs defined inline will be global in scope if allowed.
2011-02-25 03:09:26,000 - Velocimacro : autoload off : VM system will not automatically reload global library macros
2011-02-25 03:11:46,337 - Log4JLogChute initialized using file 'velocity.log'
2011-02-25 03:11:46,338 - Starting Apache Velocity v1.6.3 (compiled: 2009-12-07 15:40:14)
2011-02-25 03:11:46,338 - Default Properties File: org/apache/velocity/runtime/defaults/velocity.properties
2011-02-25 03:11:46,338 - Trying to use logger class org.apache.velocity.runtime.log.AvalonLogChute
2011-02-25 03:11:46,338 - Target log system for org.apache.velocity.runtime.log.AvalonLogChute is not available (java.lang.NoClassDefFoundError: org/apache/log/format/Formatter).  Falling back to next log system...
2011-02-25 03:11:46,338 - Trying to use logger class org.apache.velocity.runtime.log.Log4JLogChute
2011-02-25 03:11:46,338 - Using logger class org.apache.velocity.runtime.log.Log4JLogChute
2011-02-25 03:11:46,351 - ResourceLoader instantiated: org.apache.velocity.runtime.resource.loader.FileResourceLoader
2011-02-25 03:11:46,354 - Do unicode file recognition:  false
2011-02-25 03:11:46,354 - FileResourceLoader : adding path '/home/villasy/resources'
2011-02-25 03:11:46,372 - ResourceCache: initialized (class org.apache.velocity.runtime.resource.ResourceCacheImpl) with class java.util.Collections$SynchronizedMap cache map.
2011-02-25 03:11:46,377 - Loaded System Directive: org.apache.velocity.runtime.directive.Define
2011-02-25 03:11:46,379 - Loaded System Directive: org.apache.velocity.runtime.directive.Break
2011-02-25 03:11:46,381 - Loaded System Directive: org.apache.velocity.runtime.directive.Evaluate
2011-02-25 03:11:46,383 - Loaded System Directive: org.apache.velocity.runtime.directive.Literal
2011-02-25 03:11:46,386 - Loaded System Directive: org.apache.velocity.runtime.directive.Macro
2011-02-25 03:11:46,389 - Loaded System Directive: org.apache.velocity.runtime.directive.Parse
2011-02-25 03:11:46,392 - Loaded System Directive: org.apache.velocity.runtime.directive.Include
2011-02-25 03:11:46,394 - Loaded System Directive: org.apache.velocity.runtime.directive.Foreach
2011-02-25 03:11:46,448 - Created '20' parsers.
2011-02-25 03:11:46,473 - Velocimacro : "velocimacro.library" is not set.  Trying default library: VM_global_library.vm
2011-02-25 03:11:46,473 - Velocimacro : Default library not found.
2011-02-25 03:11:46,473 - Velocimacro : allowInline = true : VMs can be defined inline in templates
2011-02-25 03:11:46,474 - Velocimacro : allowInlineToOverride = false : VMs defined inline may NOT replace previous VM definitions
2011-02-25 03:11:46,474 - Velocimacro : allowInlineLocal = false : VMs defined inline will be global in scope if allowed.
2011-02-25 03:11:46,474 - Velocimacro : autoload off : VM system will not automatically reload global library macros
2011-02-25 03:14:00,944 - Log4JLogChute initialized using file 'velocity.log'
2011-02-25 03:14:00,944 - Starting Apache Velocity v1.6.3 (compiled: 2009-12-07 15:40:14)
2011-02-25 03:14:00,944 - Default Properties File: org/apache/velocity/runtime/defaults/velocity.properties
2011-02-25 03:14:00,945 - Trying to use logger class org.apache.velocity.runtime.log.AvalonLogChute
2011-02-25 03:14:00,945 - Target log system for org.apache.velocity.runtime.log.AvalonLogChute is not available (java.lang.NoClassDefFoundError: org/apache/log/format/Formatter).  Falling back to next log system...
2011-02-25 03:14:00,945 - Trying to use logger class org.apache.velocity.runtime.log.Log4JLogChute
2011-02-25 03:14:00,945 - Using logger class org.apache.velocity.runtime.log.Log4JLogChute
2011-02-25 03:14:00,957 - ResourceLoader instantiated: org.apache.velocity.runtime.resource.loader.FileResourceLoader
2011-02-25 03:14:00,960 - Do unicode file recognition:  false
2011-02-25 03:14:00,960 - FileResourceLoader : adding path '/home/villasy/resources'
2011-02-25 03:14:00,978 - ResourceCache: initialized (class org.apache.velocity.runtime.resource.ResourceCacheImpl) with class java.util.Collections$SynchronizedMap cache map.
2011-02-25 03:14:00,983 - Loaded System Directive: org.apache.velocity.runtime.directive.Define
2011-02-25 03:14:00,986 - Loaded System Directive: org.apache.velocity.runtime.directive.Break
2011-02-25 03:14:00,987 - Loaded System Directive: org.apache.velocity.runtime.directive.Evaluate
2011-02-25 03:14:00,989 - Loaded System Directive: org.apache.velocity.runtime.directive.Literal
2011-02-25 03:14:00,993 - Loaded System Directive: org.apache.velocity.runtime.directive.Macro
2011-02-25 03:14:00,996 - Loaded System Directive: org.apache.velocity.runtime.directive.Parse
2011-02-25 03:14:00,999 - Loaded System Directive: org.apache.velocity.runtime.directive.Include
2011-02-25 03:14:01,004 - Loaded System Directive: org.apache.velocity.runtime.directive.Foreach
2011-02-25 03:14:01,057 - Created '20' parsers.
2011-02-25 03:14:01,082 - Velocimacro : "velocimacro.library" is not set.  Trying default library: VM_global_library.vm
2011-02-25 03:14:01,082 - Velocimacro : Default library not found.
2011-02-25 03:14:01,082 - Velocimacro : allowInline = true : VMs can be defined inline in templates
2011-02-25 03:14:01,082 - Velocimacro : allowInlineToOverride = false : VMs defined inline may NOT replace previous VM definitions
2011-02-25 03:14:01,083 - Velocimacro : allowInlineLocal = false : VMs defined inline will be global in scope if allowed.
2011-02-25 03:14:01,083 - Velocimacro : autoload off : VM system will not automatically reload global library macros
2011-02-25 03:17:40,861 - Log4JLogChute initialized using file 'velocity.log'
2011-02-25 03:17:40,862 - Starting Apache Velocity v1.6.3 (compiled: 2009-12-07 15:40:14)
2011-02-25 03:17:40,862 - Default Properties File: org/apache/velocity/runtime/defaults/velocity.properties
2011-02-25 03:17:40,862 - Trying to use logger class org.apache.velocity.runtime.log.AvalonLogChute
2011-02-25 03:17:40,862 - Target log system for org.apache.velocity.runtime.log.AvalonLogChute is not available (java.lang.NoClassDefFoundError: org/apache/log/format/Formatter).  Falling back to next log system...
2011-02-25 03:17:40,862 - Trying to use logger class org.apache.velocity.runtime.log.Log4JLogChute
2011-02-25 03:17:40,862 - Using logger class org.apache.velocity.runtime.log.Log4JLogChute
2011-02-25 03:17:40,875 - ResourceLoader instantiated: org.apache.velocity.runtime.resource.loader.FileResourceLoader
2011-02-25 03:17:40,878 - Do unicode file recognition:  false
2011-02-25 03:17:40,878 - FileResourceLoader : adding path '/home/villasy/resources'
2011-02-25 03:17:40,896 - ResourceCache: initialized (class org.apache.velocity.runtime.resource.ResourceCacheImpl) with class java.util.Collections$SynchronizedMap cache map.
2011-02-25 03:17:40,901 - Loaded System Directive: org.apache.velocity.runtime.directive.Define
2011-02-25 03:17:40,904 - Loaded System Directive: org.apache.velocity.runtime.directive.Break
2011-02-25 03:17:40,906 - Loaded System Directive: org.apache.velocity.runtime.directive.Evaluate
2011-02-25 03:17:40,908 - Loaded System Directive: org.apache.velocity.runtime.directive.Literal
2011-02-25 03:17:40,911 - Loaded System Directive: org.apache.velocity.runtime.directive.Macro
2011-02-25 03:17:40,914 - Loaded System Directive: org.apache.velocity.runtime.directive.Parse
2011-02-25 03:17:40,917 - Loaded System Directive: org.apache.velocity.runtime.directive.Include
2011-02-25 03:17:40,919 - Loaded System Directive: org.apache.velocity.runtime.directive.Foreach
2011-02-25 03:17:40,971 - Created '20' parsers.
2011-02-25 03:17:40,997 - Velocimacro : "velocimacro.library" is not set.  Trying default library: VM_global_library.vm
2011-02-25 03:17:40,997 - Velocimacro : Default library not found.
2011-02-25 03:17:40,997 - Velocimacro : allowInline = true : VMs can be defined inline in templates
2011-02-25 03:17:40,997 - Velocimacro : allowInlineToOverride = false : VMs defined inline may NOT replace previous VM definitions
2011-02-25 03:17:40,997 - Velocimacro : allowInlineLocal = false : VMs defined inline will be global in scope if allowed.
2011-02-25 03:17:40,997 - Velocimacro : autoload off : VM system will not automatically reload global library macros
2011-02-25 03:17:41,134 - Left side ($!{tplVal.get('holder_card_type')}) of '==' operation has null value. If it is a reference, it may not be in the context or its toString() returned null. <unknown template>[line 32, column 42]
2011-02-25 03:17:41,134 - Left side ($!tplVal.get('holder_phone_area')) of '!=' operation has null value. If it is a reference, it may not be in the context or its toString() returned null. <unknown template>[line 42, column 40]
2011-02-25 03:17:41,135 - Left side ($!tplVal.get('holder_phone')) of '!=' operation has null value. If it is a reference, it may not be in the context or its toString() returned null. <unknown template>[line 42, column 78]
2011-02-25 03:17:41,135 - Left side ($!{tplVal.get('insurant_card_type')}) of '==' operation has null value. If it is a reference, it may not be in the context or its toString() returned null. <unknown template>[line 103, column 43]
2011-02-25 03:17:41,136 - Left side ($!tplVal.get('insurant_phone_area')) of '!=' operation has null value. If it is a reference, it may not be in the context or its toString() returned null. <unknown template>[line 120, column 42]
2011-02-25 03:17:41,136 - Left side ($!tplVal.get('insurant_phone')) of '!=' operation has null value. If it is a reference, it may not be in the context or its toString() returned null. <unknown template>[line 120, column 82]
2011-02-25 03:17:41,136 - Left side ($!{tplVal.get('beneficiary_relation')}) of '==' operation has null value. If it is a reference, it may not be in the context or its toString() returned null. <unknown template>[line 164, column 45]
2011-02-25 03:17:41,149 - Null reference [template '', line 207, column 2] : $tplConfig_period_y cannot be resolved.
2011-02-25 03:17:41,149 - Null reference [template '', line 215, column 1] : $tplConfig_period_y cannot be resolved.
2011-02-25 03:17:41,149 - Left side ($!{tplVal.get('insurance_copies')}) of '==' operation has null value. If it is a reference, it may not be in the context or its toString() returned null. <unknown template>[line 225, column 41]
2011-02-25 03:56:17,370 - Log4JLogChute initialized using file 'velocity.log'
2011-02-25 03:56:17,370 - Starting Apache Velocity v1.6.3 (compiled: 2009-12-07 15:40:14)
2011-02-25 03:56:17,371 - Default Properties File: org/apache/velocity/runtime/defaults/velocity.properties
2011-02-25 03:56:17,371 - Trying to use logger class org.apache.velocity.runtime.log.AvalonLogChute
2011-02-25 03:56:17,371 - Target log system for org.apache.velocity.runtime.log.AvalonLogChute is not available (java.lang.NoClassDefFoundError: org/apache/log/format/Formatter).  Falling back to next log system...
2011-02-25 03:56:17,371 - Trying to use logger class org.apache.velocity.runtime.log.Log4JLogChute
2011-02-25 03:56:17,371 - Using logger class org.apache.velocity.runtime.log.Log4JLogChute
2011-02-25 03:56:17,382 - ResourceLoader instantiated: org.apache.velocity.runtime.resource.loader.FileResourceLoader
2011-02-25 03:56:17,385 - Do unicode file recognition:  false
2011-02-25 03:56:17,386 - FileResourceLoader : adding path '/home/villasy/resources'
2011-02-25 03:56:17,404 - ResourceCache: initialized (class org.apache.velocity.runtime.resource.ResourceCacheImpl) with class java.util.Collections$SynchronizedMap cache map.
2011-02-25 03:56:17,409 - Loaded System Directive: org.apache.velocity.runtime.directive.Define
2011-02-25 03:56:17,411 - Loaded System Directive: org.apache.velocity.runtime.directive.Break
2011-02-25 03:56:17,413 - Loaded System Directive: org.apache.velocity.runtime.directive.Evaluate
2011-02-25 03:56:17,415 - Loaded System Directive: org.apache.velocity.runtime.directive.Literal
2011-02-25 03:56:17,419 - Loaded System Directive: org.apache.velocity.runtime.directive.Macro
2011-02-25 03:56:17,422 - Loaded System Directive: org.apache.velocity.runtime.directive.Parse
2011-02-25 03:56:17,426 - Loaded System Directive: org.apache.velocity.runtime.directive.Include
2011-02-25 03:56:17,428 - Loaded System Directive: org.apache.velocity.runtime.directive.Foreach
2011-02-25 03:56:17,479 - Created '20' parsers.
2011-02-25 03:56:17,502 - Velocimacro : "velocimacro.library" is not set.  Trying default library: VM_global_library.vm
2011-02-25 03:56:17,503 - Velocimacro : Default library not found.
2011-02-25 03:56:17,503 - Velocimacro : allowInline = true : VMs can be defined inline in templates
2011-02-25 03:56:17,503 - Velocimacro : allowInlineToOverride = false : VMs defined inline may NOT replace previous VM definitions
2011-02-25 03:56:17,503 - Velocimacro : allowInlineLocal = false : VMs defined inline will be global in scope if allowed.
2011-02-25 03:56:17,503 - Velocimacro : autoload off : VM system will not automatically reload global library macros
2011-02-25 03:56:17,671 - Left side ($!{tplVal.get('insurant_card_type')}) of '==' operation has null value. If it is a reference, it may not be in the context or its toString() returned null. <unknown template>[line 103, column 43]
2011-02-25 03:56:17,671 - Left side ($!tplVal.get('insurant_phone_area')) of '!=' operation has null value. If it is a reference, it may not be in the context or its toString() returned null. <unknown template>[line 120, column 42]
2011-02-25 03:56:17,673 - Left side ($!tplVal.get('insurant_phone')) of '!=' operation has null value. If it is a reference, it may not be in the context or its toString() returned null. <unknown template>[line 120, column 82]
2011-02-25 03:56:17,674 - Left side ($!{tplVal.get('beneficiary_relation')}) of '==' operation has null value. If it is a reference, it may not be in the context or its toString() returned null. <unknown template>[line 164, column 45]
2011-02-25 03:56:17,677 - Null reference [template '', line 207, column 2] : $tplConfig_period_y cannot be resolved.
2011-02-25 03:56:17,677 - Null reference [template '', line 215, column 1] : $tplConfig_period_y cannot be resolved.
2011-02-25 03:56:17,677 - Left side ($!{tplVal.get('insurance_copies')}) of '==' operation has null value. If it is a reference, it may not be in the context or its toString() returned null. <unknown template>[line 225, column 41]
